2026-01-24 22:34:26 - Headers reçus:
Array
(
    [Host] => localhost:8080
    [User-Agent] => curl/8.16.0
    [Accept] => */*
    [Content-Type] => application/json
    [Content-Length] => 77
)

Method: POST
Origin: none

2026-01-25 13:35:27 - Headers reçus:
Array
(
    [Host] => localhost:8080
    [Connection] => keep-alive
    [Content-Length] => 93
    [sec-ch-ua-platform] => "Windows"
    [User-Agent] => Mozilla/5.0 (Windows NT 10.0; Win64; x64) AppleWebKit/537.36 (KHTML, like Gecko) Chrome/144.0.0.0 Safari/537.36 Edg/144.0.0.0
    [sec-ch-ua] => "Not(A:Brand";v="8", "Chromium";v="144", "Microsoft Edge";v="144"
    [Content-Type] => application/json
    [sec-ch-ua-mobile] => ?0
    [Accept] => */*
    [Origin] => http://localhost:3000
    [Sec-Fetch-Site] => same-site
    [Sec-Fetch-Mode] => cors
    [Sec-Fetch-Dest] => empty
    [Referer] => http://localhost:3000/
    [Accept-Encoding] => gzip, deflate, br, zstd
    [Accept-Language] => fr,fr-FR;q=0.9,en;q=0.8,en-GB;q=0.7,en-US;q=0.6
)

Method: POST
Origin: http://localhost:3000

2026-01-25 13:35:42 - Headers reçus:
Array
(
    [Host] => localhost:8080
    [Connection] => keep-alive
    [Content-Length] => 125
    [sec-ch-ua-platform] => "Windows"
    [User-Agent] => Mozilla/5.0 (Windows NT 10.0; Win64; x64) AppleWebKit/537.36 (KHTML, like Gecko) Chrome/144.0.0.0 Safari/537.36 Edg/144.0.0.0
    [Accept] => application/json
    [sec-ch-ua] => "Not(A:Brand";v="8", "Chromium";v="144", "Microsoft Edge";v="144"
    [Content-Type] => application/json
    [sec-ch-ua-mobile] => ?0
    [Origin] => http://localhost:3000
    [Sec-Fetch-Site] => same-site
    [Sec-Fetch-Mode] => cors
    [Sec-Fetch-Dest] => empty
    [Referer] => http://localhost:3000/
    [Accept-Encoding] => gzip, deflate, br, zstd
    [Accept-Language] => fr,fr-FR;q=0.9,en;q=0.8,en-GB;q=0.7,en-US;q=0.6
)

Method: POST
Origin: http://localhost:3000

2026-01-25 13:46:29 - Headers reçus:
Array
(
    [Host] => localhost:8080
    [Connection] => keep-alive
    [Content-Length] => 188
    [sec-ch-ua-platform] => "Windows"
    [User-Agent] => Mozilla/5.0 (Windows NT 10.0; Win64; x64) AppleWebKit/537.36 (KHTML, like Gecko) Chrome/144.0.0.0 Safari/537.36 Edg/144.0.0.0
    [Accept] => application/json
    [sec-ch-ua] => "Not(A:Brand";v="8", "Chromium";v="144", "Microsoft Edge";v="144"
    [Content-Type] => application/json
    [sec-ch-ua-mobile] => ?0
    [Origin] => http://localhost:3000
    [Sec-Fetch-Site] => same-site
    [Sec-Fetch-Mode] => cors
    [Sec-Fetch-Dest] => empty
    [Referer] => http://localhost:3000/
    [Accept-Encoding] => gzip, deflate, br, zstd
    [Accept-Language] => fr,fr-FR;q=0.9,en;q=0.8,en-GB;q=0.7,en-US;q=0.6
)

Method: POST
Origin: http://localhost:3000

2026-01-25 13:55:00 - Headers reçus:
Array
(
    [Host] => localhost:8080
    [Connection] => keep-alive
    [Content-Length] => 135
    [sec-ch-ua-platform] => "Windows"
    [User-Agent] => Mozilla/5.0 (Windows NT 10.0; Win64; x64) AppleWebKit/537.36 (KHTML, like Gecko) Chrome/144.0.0.0 Safari/537.36 Edg/144.0.0.0
    [sec-ch-ua] => "Not(A:Brand";v="8", "Chromium";v="144", "Microsoft Edge";v="144"
    [Content-Type] => application/json
    [sec-ch-ua-mobile] => ?0
    [Accept] => */*
    [Origin] => http://localhost:8080
    [Sec-Fetch-Site] => same-origin
    [Sec-Fetch-Mode] => cors
    [Sec-Fetch-Dest] => empty
    [Referer] => http://localhost:8080/Visioad/check_emails.html
    [Accept-Encoding] => gzip, deflate, br, zstd
    [Accept-Language] => fr,fr-FR;q=0.9,en;q=0.8,en-GB;q=0.7,en-US;q=0.6
)

Method: POST
Origin: http://localhost:8080

2026-01-25 14:41:16 - Headers reçus:
Array
(
    [Host] => localhost:8080
    [Connection] => keep-alive
    [Content-Length] => 1738
    [sec-ch-ua-platform] => "Windows"
    [User-Agent] => Mozilla/5.0 (Windows NT 10.0; Win64; x64) AppleWebKit/537.36 (KHTML, like Gecko) Chrome/143.0.0.0 Safari/537.36
    [sec-ch-ua] => "Google Chrome";v="143", "Chromium";v="143", "Not A(Brand";v="24"
    [Content-Type] => application/json
    [sec-ch-ua-mobile] => ?0
    [Accept] => */*
    [Origin] => http://localhost:8080
    [Sec-Fetch-Site] => same-origin
    [Sec-Fetch-Mode] => cors
    [Sec-Fetch-Dest] => empty
    [Referer] => http://localhost:8080/Visioad/test_recaptcha.html
    [Accept-Encoding] => gzip, deflate, br, zstd
    [Accept-Language] => fr-FR,fr;q=0.9,en-US;q=0.8,en;q=0.7
)

Method: POST
Origin: http://localhost:8080

2026-01-25 15:15:40 - Headers reçus:
Array
(
    [Host] => localhost:8080
    [Connection] => keep-alive
    [Content-Length] => 1808
    [sec-ch-ua-platform] => "Windows"
    [User-Agent] => Mozilla/5.0 (Windows NT 10.0; Win64; x64) AppleWebKit/537.36 (KHTML, like Gecko) Chrome/144.0.0.0 Safari/537.36 Edg/144.0.0.0
    [Accept] => application/json
    [sec-ch-ua] => "Not(A:Brand";v="8", "Chromium";v="144", "Microsoft Edge";v="144"
    [Content-Type] => application/json
    [sec-ch-ua-mobile] => ?0
    [Origin] => http://localhost:3000
    [Sec-Fetch-Site] => same-site
    [Sec-Fetch-Mode] => cors
    [Sec-Fetch-Dest] => empty
    [Referer] => http://localhost:3000/
    [Accept-Encoding] => gzip, deflate, br, zstd
    [Accept-Language] => fr,fr-FR;q=0.9,en;q=0.8,en-GB;q=0.7,en-US;q=0.6
)

Method: POST
Origin: http://localhost:3000

2026-01-28 14:05:34 - Headers reçus:
Array
(
    [Host] => localhost:8080
    [Connection] => keep-alive
    [Content-Length] => 1847
    [sec-ch-ua-platform] => "Windows"
    [User-Agent] => Mozilla/5.0 (Windows NT 10.0; Win64; x64) AppleWebKit/537.36 (KHTML, like Gecko) Chrome/144.0.0.0 Safari/537.36 Edg/144.0.0.0
    [Accept] => application/json
    [sec-ch-ua] => "Not(A:Brand";v="8", "Chromium";v="144", "Microsoft Edge";v="144"
    [Content-Type] => application/json
    [sec-ch-ua-mobile] => ?0
    [Origin] => http://localhost:3000
    [Sec-Fetch-Site] => same-site
    [Sec-Fetch-Mode] => cors
    [Sec-Fetch-Dest] => empty
    [Referer] => http://localhost:3000/
    [Accept-Encoding] => gzip, deflate, br, zstd
    [Accept-Language] => fr,fr-FR;q=0.9,en;q=0.8,en-GB;q=0.7,en-US;q=0.6
)

Method: POST
Origin: http://localhost:3000

2026-01-28 14:31:50 - Headers reçus:
Array
(
    [Host] => localhost:8080
    [Connection] => keep-alive
    [Content-Length] => 1939
    [sec-ch-ua-platform] => "Windows"
    [User-Agent] => Mozilla/5.0 (Windows NT 10.0; Win64; x64) AppleWebKit/537.36 (KHTML, like Gecko) Chrome/144.0.0.0 Safari/537.36 Edg/144.0.0.0
    [Accept] => application/json
    [sec-ch-ua] => "Not(A:Brand";v="8", "Chromium";v="144", "Microsoft Edge";v="144"
    [Content-Type] => application/json
    [sec-ch-ua-mobile] => ?0
    [Origin] => http://localhost:3000
    [Sec-Fetch-Site] => same-site
    [Sec-Fetch-Mode] => cors
    [Sec-Fetch-Dest] => empty
    [Referer] => http://localhost:3000/
    [Accept-Encoding] => gzip, deflate, br, zstd
    [Accept-Language] => fr,fr-FR;q=0.9,en;q=0.8,en-GB;q=0.7,en-US;q=0.6
)

Method: POST
Origin: http://localhost:3000

2026-01-28 15:16:19 - Headers reçus:
Array
(
    [Host] => localhost:8080
    [Connection] => keep-alive
    [Content-Length] => 1848
    [sec-ch-ua-platform] => "Windows"
    [User-Agent] => Mozilla/5.0 (Windows NT 10.0; Win64; x64) AppleWebKit/537.36 (KHTML, like Gecko) Chrome/144.0.0.0 Safari/537.36 Edg/144.0.0.0
    [Accept] => application/json
    [sec-ch-ua] => "Not(A:Brand";v="8", "Chromium";v="144", "Microsoft Edge";v="144"
    [Content-Type] => application/json
    [sec-ch-ua-mobile] => ?0
    [Origin] => http://localhost:3000
    [Sec-Fetch-Site] => same-site
    [Sec-Fetch-Mode] => cors
    [Sec-Fetch-Dest] => empty
    [Referer] => http://localhost:3000/
    [Accept-Encoding] => gzip, deflate, br, zstd
    [Accept-Language] => fr,fr-FR;q=0.9,en;q=0.8,en-GB;q=0.7,en-US;q=0.6
)

Method: POST
Origin: http://localhost:3000

