2026-01-24 20:37:36 [2] SERVER -> CLIENT: 220 smtp.gmail.com ESMTP 5b1f17b1804b1-4804d85d146sm157760505e9.8 - gsmtp

2026-01-24 20:37:36 [1] CLIENT -> SERVER: EHLO DESKTOP-PPD9B3K

2026-01-24 20:37:36 [2] SERVER -> CLIENT: 250-smtp.gmail.com at your service, [197.0.240.170]
250-SIZE 35882577
250-8BITMIME
250-STARTTLS
250-ENHANCEDSTATUSCODES
250-PIPELINING
250-CHUNKING
250 SMTPUTF8

2026-01-24 20:37:36 [1] CLIENT -> SERVER: STARTTLS

2026-01-24 20:37:36 [2] SERVER -> CLIENT: 220 2.0.0 Ready to start TLS

2026-01-24 20:37:36 [1] CLIENT -> SERVER: EHLO DESKTOP-PPD9B3K

2026-01-24 20:37:36 [2] SERVER -> CLIENT: 250-smtp.gmail.com at your service, [197.0.240.170]
250-SIZE 35882577
250-8BITMIME
250-AUTH LOGIN PLAIN XOAUTH2 PLAIN-CLIENTTOKEN OAUTHBEARER XOAUTH
250-ENHANCEDSTATUSCODES
250-PIPELINING
250-CHUNKING
250 SMTPUTF8

2026-01-24 20:37:36 [1] CLIENT -> SERVER: AUTH LOGIN

2026-01-24 20:37:36 [2] SERVER -> CLIENT: 334 VXNlcm5hbWU6

2026-01-24 20:37:36 [1] CLIENT -> SERVER: [credentials hidden]
2026-01-24 20:37:36 [2] SERVER -> CLIENT: 334 UGFzc3dvcmQ6

2026-01-24 20:37:36 [1] CLIENT -> SERVER: [credentials hidden]
2026-01-24 20:37:37 [2] SERVER -> CLIENT: 235 2.7.0 Accepted

2026-01-24 20:37:37 [1] CLIENT -> SERVER: MAIL FROM:<yesminebkr24@gmail.com>

2026-01-24 20:37:37 [2] SERVER -> CLIENT: 250 2.1.0 OK 5b1f17b1804b1-4804d85d146sm157760505e9.8 - gsmtp

2026-01-24 20:37:37 [1] CLIENT -> SERVER: RCPT TO:<yesminebkr24@gmail.com>

2026-01-24 20:37:37 [2] SERVER -> CLIENT: 250 2.1.5 OK 5b1f17b1804b1-4804d85d146sm157760505e9.8 - gsmtp

2026-01-24 20:37:37 [1] CLIENT -> SERVER: DATA

2026-01-24 20:37:37 [2] SERVER -> CLIENT: 354 Go ahead 5b1f17b1804b1-4804d85d146sm157760505e9.8 - gsmtp

2026-01-24 20:37:37 [1] CLIENT -> SERVER: Date: Sat, 24 Jan 2026 20:37:35 +0100

2026-01-24 20:37:37 [1] CLIENT -> SERVER: To: yesminebkr24@gmail.com

2026-01-24 20:37:37 [1] CLIENT -> SERVER: From: VisioAD <yesminebkr24@gmail.com>

2026-01-24 20:37:37 [1] CLIENT -> SERVER: Subject: Test Debug

2026-01-24 20:37:37 [1] CLIENT -> SERVER: Message-ID: <NjpggUpD0HIjEypuLwxz8iZbGiOF41CaN4wOjYzSc@DESKTOP-PPD9B3K>

2026-01-24 20:37:37 [1] CLIENT -> SERVER: X-Mailer: PHPMailer 7.0.2 (https://github.com/PHPMailer/PHPMailer)

2026-01-24 20:37:37 [1] CLIENT -> SERVER: MIME-Version: 1.0

2026-01-24 20:37:37 [1] CLIENT -> SERVER: Content-Type: text/plain; charset=iso-8859-1

2026-01-24 20:37:37 [1] CLIENT -> SERVER: 

2026-01-24 20:37:37 [1] CLIENT -> SERVER: Test

2026-01-24 20:37:37 [1] CLIENT -> SERVER: 

2026-01-24 20:37:37 [1] CLIENT -> SERVER: .

2026-01-24 20:37:37 [2] SERVER -> CLIENT: 250 2.0.0 OK  1769283457 5b1f17b1804b1-4804d85d146sm157760505e9.8 - gsmtp

2026-01-24 20:37:37 [1] CLIENT -> SERVER: QUIT

2026-01-24 20:37:38 [2] SERVER -> CLIENT: 221 2.0.0 closing connection 5b1f17b1804b1-4804d85d146sm157760505e9.8 - gsmtp

